<?xml version="1.0" encoding="UTF-8"?>
<beans xmlns="http://www.springframework.org/schema/beans"
	xmlns:aop="http://www.springframework.org/schema/aop" xmlns:context="http://www.springframework.org/schema/context"
	xmlns:jee="http://www.springframework.org/schema/jee" xmlns:tx="http://www.springframework.org/schema/tx"
	xmlns:xsi="http://www.w3.org/2001/XMLSchema-instance"
	xsi:schemaLocation="http://www.springframework.org/schema/aop http://www.springframework.org/schema/aop/spring-aop-3.0.xsd         
	http://www.springframework.org/schema/beans 
	http://www.springframework.org/schema/beans/spring-beans-3.0.xsd         
	http://www.springframework.org/schema/context 
	http://www.springframework.org/schema/context/spring-context-3.0.xsd         
	http://www.springframework.org/schema/jee 
	http://www.springframework.org/schema/jee/spring-jee-3.0.xsd         
	http://www.springframework.org/schema/tx http://www.springframework.org/schema/tx/spring-tx-3.0.xsd">

	<import resource="classpath*:spring-config/ps-storage-applicationContext.xml" />

	<bean id="entityFactory" class="eu.dime.ps.storage.manager.EntityFactory" factory-method="getInstance" lazy-init="false" scope="singleton"></bean>	
	
	<bean id="notifyHistory" class="eu.dime.ps.controllers.notifier.impl.NotifyHistoryImpl">
		<property name="entityFactory" ref="entityFactory"></property>
	</bean>
	
	<bean id="notifyHistoryMock" class="eu.dime.ps.controllers.notifier.impl.NotifyHistoryMock">
	</bean>
	
	<bean id="internalNotifyFifo" class="eu.dime.ps.controllers.notifier.NotifyFIFOMultiTenant"></bean>		
	<bean id="externalNotifyFifo" class="eu.dime.ps.controllers.notifier.NotifyFIFOExternal"></bean>	

	<bean id="notifierManager"
		class="eu.dime.ps.controllers.notifier.impl.NotifierManagerImpl">
		<property name="internalNotifyFifo" ref="internalNotifyFifo"></property>
		<property name="externalNotifyFifo" ref="externalNotifyFifo"></property>
		<property name="notifyHistory" ref="notifyHistoryMock"></property>
	</bean>

</beans>
